<?xml version="1.0" encoding="UTF-8"?>
<!-- Generated by org.testng.reporters.JUnitReportReporter -->
<testsuite skipped="0" hostname="SBMAC0385.local" name="com.qa.testcases.RegistrationPageTest" tests="2" failures="0" timestamp="23 Jan 2019 04:41:28 GMT" time="69.230" errors="0">
  <testcase name="ResgistrationTest" time="35.978" classname="com.qa.testcases.RegistrationPageTest"/>
  <testcase name="ResgistrationTest" time="33.252" classname="com.qa.testcases.RegistrationPageTest"/>
</testsuite> <!-- com.qa.testcases.RegistrationPageTest -->
