<?xml version="1.0" encoding="UTF-8"?>
<!-- Generated by org.testng.reporters.JUnitReportReporter -->
<testsuite hostname="SBWIN0253" name="com.qa.testcases.HomePageTest" tests="2" failures="0" timestamp="31 Dec 2018 09:39:02 GMT" time="86.747" errors="0">
  <testcase name="Basicfucntioanlities" time="40.922" classname="com.qa.testcases.HomePageTest"/>
  <testcase name="Popuphandling" time="45.825" classname="com.qa.testcases.HomePageTest"/>
</testsuite> <!-- com.qa.testcases.HomePageTest -->
